Consolidate compiler generated dependencies of target LmiSolver
[  6%] Building CXX object CMakeFiles/LmiSolver.dir/source/greeter.cpp.o
Warning: include-what-you-use reported diagnostics:

/data/data/com.termux/files/home/github/lmi-solver-cpp/source/greeter.cpp should add these lines:
#include <__config>             // for std
#include <iosfwd>               // for string
#include <string>               // for basic_string
#include <type_traits>          // for move

/data/data/com.termux/files/home/github/lmi-solver-cpp/source/greeter.cpp should remove these lines:

The full include-list for /data/data/com.termux/files/home/github/lmi-solver-cpp/source/greeter.cpp:
#include <fmt/format.h>         // for format
#include <lmisolver/greeter.h>  // for LmiSolver, LanguageCode, LanguageCode...
#include <__config>             // for std
#include <iosfwd>               // for string
#include <string>               // for basic_string
#include <type_traits>          // for move
---

[ 12%] Building CXX object CMakeFiles/LmiSolver.dir/source/ldlt_ext.cpp.o
Warning: include-what-you-use reported diagnostics:

/data/data/com.termux/files/home/github/lmi-solver-cpp/include/lmisolver/ldlt_ext.hpp should add these lines:
#include <cstddef>                      // for size_t
#include <utility>                      // for pair
#include <xtensor/xcontainer.hpp>       // for xcontainer
#include <xtensor/xlayout.hpp>          // for layout_type, layout_type::row...
#include <xtensor/xtensor_forward.hpp>  // for xarray

/data/data/com.termux/files/home/github/lmi-solver-cpp/include/lmisolver/ldlt_ext.hpp should remove these lines:
- #include <xtensor/xarray.hpp>  // lines 5-5

The full include-list for /data/data/com.termux/files/home/github/lmi-solver-cpp/include/lmisolver/ldlt_ext.hpp:
#include <cstddef>                      // for size_t
#include <ellalgo/utility.hpp>          // for zeros
#include <utility>                      // for pair
#include <xtensor/xcontainer.hpp>       // for xcontainer
#include <xtensor/xlayout.hpp>          // for layout_type, layout_type::row...
#include <xtensor/xtensor_forward.hpp>  // for xarray
---

/data/data/com.termux/files/home/github/lmi-solver-cpp/source/ldlt_ext.cpp should add these lines:
#include <assert.h>            // for assert
#include <cmath>               // for sqrt
#include <xtensor/xarray.hpp>  // for xarray_container

/data/data/com.termux/files/home/github/lmi-solver-cpp/source/ldlt_ext.cpp should remove these lines:
- #include <stdexcept>  // lines 3-3
- #include <xtensor/xtensor_config.hpp>  // lines 4-4

The full include-list for /data/data/com.termux/files/home/github/lmi-solver-cpp/source/ldlt_ext.cpp:
#include <lmisolver/ldlt_ext.hpp>
#include <assert.h>            // for assert
#include <cmath>               // for sqrt
#include <xtensor/xarray.hpp>  // for xarray_container
---

[ 18%] Building CXX object CMakeFiles/LmiSolver.dir/source/lmi0_oracle.cpp.o
Warning: include-what-you-use reported diagnostics:

/data/data/com.termux/files/home/github/lmi-solver-cpp/source/lmi0_oracle.cpp should add these lines:
#include <stddef.h>                     // for size_t
#include <gsl/span>                     // for span, span<>::element_type
#include <optional>                     // for optional
#include <tuple>                        // for tuple
#include <type_traits>                  // for move
#include <xtensor/xarray.hpp>           // for xarray_container
#include <xtensor/xcontainer.hpp>       // for xcontainer
#include <xtensor/xlayout.hpp>          // for layout_type, layout_type::row...
#include <xtensor/xtensor_forward.hpp>  // for xarray
#include "lmisolver/ldlt_ext.hpp"       // for ldlt_ext

/data/data/com.termux/files/home/github/lmi-solver-cpp/source/lmi0_oracle.cpp should remove these lines:

The full include-list for /data/data/com.termux/files/home/github/lmi-solver-cpp/source/lmi0_oracle.cpp:
#include <stddef.h>                     // for size_t
#include <ellalgo/utility.hpp>          // for zeros
#include <gsl/span>                     // for span, span<>::element_type
#include <lmisolver/lmi0_oracle.hpp>    // for lmi0_oracle::Arr, lmi0_oracle...
#include <optional>                     // for optional
#include <tuple>                        // for tuple
#include <type_traits>                  // for move
#include <xtensor/xarray.hpp>           // for xarray_container
#include <xtensor/xcontainer.hpp>       // for xcontainer
#include <xtensor/xlayout.hpp>          // for layout_type, layout_type::row...
#include <xtensor/xtensor_forward.hpp>  // for xarray
#include "lmisolver/ldlt_ext.hpp"       // for ldlt_ext
---

[ 25%] Building CXX object CMakeFiles/LmiSolver.dir/source/lmi_old_oracle.cpp.o
Warning: include-what-you-use reported diagnostics:

/data/data/com.termux/files/home/github/lmi-solver-cpp/source/lmi_old_oracle.cpp should add these lines:
#include <gsl/span>                      // for span<>::reference, span, spa...
#include <optional>                      // for optional
#include <tuple>                         // for tuple
#include <type_traits>                   // for move
#include <xtensor/xarray.hpp>            // for xarray_container
#include <xtensor/xcontainer.hpp>        // for xcontainer<>::const_reference
#include <xtensor/xlayout.hpp>           // for layout_type, layout_type::ro...
#include <xtensor/xoperation.hpp>        // for xfunction_type_t, operator-
#include <xtensor/xsemantic.hpp>         // for xsemantic_base
#include <xtensor/xtensor_forward.hpp>   // for xarray
#include "lmisolver/ldlt_ext.hpp"        // for ldlt_ext

/data/data/com.termux/files/home/github/lmi-solver-cpp/source/lmi_old_oracle.cpp should remove these lines:

The full include-list for /data/data/com.termux/files/home/github/lmi-solver-cpp/source/lmi_old_oracle.cpp:
#include <ellalgo/utility.hpp>           // for zeros
#include <gsl/span>                      // for span<>::reference, span, spa...
#include <lmisolver/lmi_old_oracle.hpp>  // for lmi_old_oracle::Arr, lmi_old...
#include <optional>                      // for optional
#include <tuple>                         // for tuple
#include <type_traits>                   // for move
#include <xtensor/xarray.hpp>            // for xarray_container
#include <xtensor/xcontainer.hpp>        // for xcontainer<>::const_reference
#include <xtensor/xlayout.hpp>           // for layout_type, layout_type::ro...
#include <xtensor/xoperation.hpp>        // for xfunction_type_t, operator-
#include <xtensor/xsemantic.hpp>         // for xsemantic_base
#include <xtensor/xtensor_forward.hpp>   // for xarray
#include "lmisolver/ldlt_ext.hpp"        // for ldlt_ext
---

[ 31%] Building CXX object CMakeFiles/LmiSolver.dir/source/lmi_oracle.cpp.o
Warning: include-what-you-use reported diagnostics:

/data/data/com.termux/files/home/github/lmi-solver-cpp/source/lmi_oracle.cpp should add these lines:
#include <stddef.h>                     // for size_t
#include <gsl/span>                     // for span, span<>::element_type
#include <optional>                     // for optional
#include <tuple>                        // for tuple
#include <type_traits>                  // for move
#include <xtensor/xarray.hpp>           // for xarray_container
#include <xtensor/xcontainer.hpp>       // for xcontainer
#include <xtensor/xlayout.hpp>          // for layout_type, layout_type::row...
#include <xtensor/xtensor_forward.hpp>  // for xarray
#include "lmisolver/ldlt_ext.hpp"       // for ldlt_ext

/data/data/com.termux/files/home/github/lmi-solver-cpp/source/lmi_oracle.cpp should remove these lines:

The full include-list for /data/data/com.termux/files/home/github/lmi-solver-cpp/source/lmi_oracle.cpp:
#include <stddef.h>                     // for size_t
#include <ellalgo/utility.hpp>          // for zeros
#include <gsl/span>                     // for span, span<>::element_type
#include <lmisolver/lmi_oracle.hpp>     // for lmi_oracle::Arr, lmi_oracle::Cut
#include <optional>                     // for optional
#include <tuple>                        // for tuple
#include <type_traits>                  // for move
#include <xtensor/xarray.hpp>           // for xarray_container
#include <xtensor/xcontainer.hpp>       // for xcontainer
#include <xtensor/xlayout.hpp>          // for layout_type, layout_type::row...
#include <xtensor/xtensor_forward.hpp>  // for xarray
#include "lmisolver/ldlt_ext.hpp"       // for ldlt_ext
---

[ 37%] Linking CXX static library libLmiSolver.a
[ 37%] Built target LmiSolver
Consolidate compiler generated dependencies of target LmiSolverTests
[ 43%] Building CXX object test/CMakeFiles/LmiSolverTests.dir/source/main.cpp.o
[ 50%] Building CXX object test/CMakeFiles/LmiSolverTests.dir/source/test_integers.cpp.o
Warning: include-what-you-use reported diagnostics:

/data/data/com.termux/files/home/github/lmi-solver-cpp/test/source/test_integers.cpp should add these lines:
#include <__config>           // for std

/data/data/com.termux/files/home/github/lmi-solver-cpp/test/source/test_integers.cpp should remove these lines:

The full include-list for /data/data/com.termux/files/home/github/lmi-solver-cpp/test/source/test_integers.cpp:
#include <doctest/doctest.h>  // for ResultBuilder, TestCase, CHECK, TEST_CASE
#include <__config>           // for std
#include <limits>             // for numeric_limits
#include <type_traits>        // for make_signed_t
---

[ 56%] Building CXX object test/CMakeFiles/LmiSolverTests.dir/source/test_ldlt.cpp.o
Warning: include-what-you-use reported diagnostics:

/data/data/com.termux/files/home/github/lmi-solver-cpp/test/source/test_ldlt.cpp should add these lines:
#include <xtensor/xarray.hpp>           // for xarray_container
#include <xtensor/xcontainer.hpp>       // for xcontainer<>::inner_shape_type
#include <xtensor/xlayout.hpp>          // for layout_type, layout_type::row...
#include <xtensor/xtensor_forward.hpp>  // for xarray

/data/data/com.termux/files/home/github/lmi-solver-cpp/test/source/test_ldlt.cpp should remove these lines:

The full include-list for /data/data/com.termux/files/home/github/lmi-solver-cpp/test/source/test_ldlt.cpp:
#include <doctest/doctest.h>            // for ResultBuilder, TestCase, CHECK
#include <lmisolver/ldlt_ext.hpp>       // for ldlt_ext
#include <xtensor/xarray.hpp>           // for xarray_container
#include <xtensor/xcontainer.hpp>       // for xcontainer<>::inner_shape_type
#include <xtensor/xlayout.hpp>          // for layout_type, layout_type::row...
#include <xtensor/xtensor_forward.hpp>  // for xarray
---

[ 62%] Building CXX object test/CMakeFiles/LmiSolverTests.dir/source/test_lmi.cpp.o
Warning: include-what-you-use reported diagnostics:

/data/data/com.termux/files/home/github/lmi-solver-cpp/test/source/test_lmi.cpp should add these lines:
#include <optional>                     // for optional
#include <tuple>                        // for tuple
#include <type_traits>                  // for move, add_const<>::type
#include <xtensor/xarray.hpp>           // for xarray_container
#include <xtensor/xlayout.hpp>          // for layout_type, layout_type::row...
#include <xtensor/xmath.hpp>            // for sum
#include <xtensor/xoperation.hpp>       // for xfunction_type_t, operator*
#include <xtensor/xreducer.hpp>         // for xreducer
#include <xtensor/xtensor_forward.hpp>  // for xarray

/data/data/com.termux/files/home/github/lmi-solver-cpp/test/source/test_lmi.cpp should remove these lines:

The full include-list for /data/data/com.termux/files/home/github/lmi-solver-cpp/test/source/test_lmi.cpp:
#include <doctest/doctest.h>            // for ResultBuilder, CHECK, TestCase
#include <ellalgo/cutting_plane.hpp>    // for cutting_plane_dc
#include <ellalgo/ell.hpp>              // for ell
#include <ellalgo/ell_stable.hpp>       // for ell_stable
#include <gsl/span>                     // for span
#include <lmisolver/lmi_oracle.hpp>     // for lmi_oracle
#include <optional>                     // for optional
#include <tuple>                        // for tuple
#include <type_traits>                  // for move, add_const<>::type
#include <vector>                       // for vector
#include <xtensor/xarray.hpp>           // for xarray_container
#include <xtensor/xlayout.hpp>          // for layout_type, layout_type::row...
#include <xtensor/xmath.hpp>            // for sum
#include <xtensor/xoperation.hpp>       // for xfunction_type_t, operator*
#include <xtensor/xreducer.hpp>         // for xreducer
#include <xtensor/xtensor_forward.hpp>  // for xarray
---

[ 68%] Building CXX object test/CMakeFiles/LmiSolverTests.dir/source/test_lmi_old.cpp.o
Warning: include-what-you-use reported diagnostics:

/data/data/com.termux/files/home/github/lmi-solver-cpp/test/source/test_lmi_old.cpp should add these lines:
#include <__tuple>                       // for tuple_element<>::type
#include <optional>                      // for optional
#include <tuple>                         // for tuple
#include <type_traits>                   // for move, add_const<>::type
#include <xtensor/xaccessible.hpp>       // for xconst_accessible
#include <xtensor/xarray.hpp>            // for xarray_container
#include <xtensor/xlayout.hpp>           // for layout_type, layout_type::ro...
#include <xtensor/xmath.hpp>             // for sum
#include <xtensor/xoperation.hpp>        // for xfunction_type_t, operator*
#include <xtensor/xreducer.hpp>          // for xreducer
#include <xtensor/xtensor_forward.hpp>   // for xarray

/data/data/com.termux/files/home/github/lmi-solver-cpp/test/source/test_lmi_old.cpp should remove these lines:

The full include-list for /data/data/com.termux/files/home/github/lmi-solver-cpp/test/source/test_lmi_old.cpp:
#include <doctest/doctest.h>             // for ResultBuilder, CHECK, TestCase
#include <__tuple>                       // for tuple_element<>::type
#include <ellalgo/cutting_plane.hpp>     // for cutting_plane_dc
#include <ellalgo/ell.hpp>               // for ell
#include <ellalgo/ell_stable.hpp>        // for ell_stable
#include <gsl/span>                      // for span
#include <lmisolver/lmi_old_oracle.hpp>  // for lmi_old_oracle
#include <optional>                      // for optional
#include <tuple>                         // for tuple
#include <type_traits>                   // for move, add_const<>::type
#include <vector>                        // for vector
#include <xtensor/xaccessible.hpp>       // for xconst_accessible
#include <xtensor/xarray.hpp>            // for xarray_container
#include <xtensor/xlayout.hpp>           // for layout_type, layout_type::ro...
#include <xtensor/xmath.hpp>             // for sum
#include <xtensor/xoperation.hpp>        // for xfunction_type_t, operator*
#include <xtensor/xreducer.hpp>          // for xreducer
#include <xtensor/xtensor_forward.hpp>   // for xarray
---

[ 75%] Linking CXX executable LmiSolverTests
[ 75%] Built target LmiSolverTests
Consolidate compiler generated dependencies of target Bench_BM_lmi
[ 81%] Building CXX object bench/CMakeFiles/Bench_BM_lmi.dir/BM_lmi.cpp.o
Warning: include-what-you-use reported diagnostics:

/data/data/com.termux/files/home/github/lmi-solver-cpp/bench/BM_lmi.cpp should add these lines:
#include <tuple>                         // for tuple
#include <type_traits>                   // for move
#include <xtensor/xlayout.hpp>           // for layout_type, layout_type::ro...
#include <xtensor/xmath.hpp>             // for sum
#include <xtensor/xoperation.hpp>        // for operator*
#include <xtensor/xtensor_forward.hpp>   // for xarray

/data/data/com.termux/files/home/github/lmi-solver-cpp/bench/BM_lmi.cpp should remove these lines:

The full include-list for /data/data/com.termux/files/home/github/lmi-solver-cpp/bench/BM_lmi.cpp:
#include <ellalgo/cutting_plane.hpp>     // for cutting_plane_dc
#include <ellalgo/ell.hpp>               // for ell
#include <gsl/span>                      // for span
#include <lmisolver/lmi_old_oracle.hpp>  // for lmi_old_oracle
#include <lmisolver/lmi_oracle.hpp>      // for lmi_oracle
#include <tuple>                         // for tuple
#include <type_traits>                   // for move
#include <vector>                        // for vector
#include <xtensor/xlayout.hpp>           // for layout_type, layout_type::ro...
#include <xtensor/xmath.hpp>             // for sum
#include <xtensor/xoperation.hpp>        // for operator*
#include <xtensor/xtensor_forward.hpp>   // for xarray
#include "benchmark/benchmark.h"         // for BENCHMARK, State, BENCHMARK_...
---

[ 87%] Linking CXX executable BM_lmi
[ 87%] Built target Bench_BM_lmi
Consolidate compiler generated dependencies of target LmiSolverStandalone
[ 93%] Building CXX object standalone/CMakeFiles/LmiSolverStandalone.dir/source/main.cpp.o
Warning: include-what-you-use reported diagnostics:

/data/data/com.termux/files/home/github/lmi-solver-cpp/standalone/source/main.cpp should add these lines:
#include <memory>               // for shared_ptr
#include <utility>              // for pair

/data/data/com.termux/files/home/github/lmi-solver-cpp/standalone/source/main.cpp should remove these lines:

The full include-list for /data/data/com.termux/files/home/github/lmi-solver-cpp/standalone/source/main.cpp:
#include <lmisolver/greeter.h>  // for LanguageCode, LanguageCode::DE, Langu...
#include <lmisolver/version.h>  // for LMISOLVER_VERSION
#include <cxxopts.hpp>          // for value, OptionAdder, Options, OptionValue
#include <iostream>             // for string, operator<<, endl, basic_ostream
#include <memory>               // for shared_ptr
#include <string>               // for char_traits, hash, operator==
#include <unordered_map>        // for operator==, unordered_map, __hash_map...
#include <utility>              // for pair
---

[100%] Linking CXX executable LmiSolver
[100%] Built target LmiSolverStandalone
